06-28-2022 20:24:38 : INFO : log : Successfully Instantiated preprocess Class Object
06-28-2022 20:25:58 : INFO : log : Getting Missing Values from Dataframe
06-28-2022 20:38:43 : INFO : log : Successfully Instantiated preprocess Class Object
06-28-2022 20:38:43 : INFO : log : Successfully Instantiated preprocess Class Object
06-28-2022 20:39:02 : INFO : log : Successfully Instantiated preprocess Class Object
06-28-2022 20:39:02 : INFO : log : Successfully Instantiated preprocess Class Object
06-28-2022 20:39:02 : INFO : log : Successfully Instantiated preprocess Class Object
06-28-2022 21:04:56 : INFO : log : Successfully Instantiated preprocess Class Object
06-28-2022 21:04:56 : INFO : log : Successfully Instantiated preprocess Class Object
06-28-2022 21:04:56 : INFO : log : Successfully Instantiated preprocess Class Object
06-28-2022 21:04:56 : INFO : log : Successfully Instantiated preprocess Class Object
06-28-2022 21:04:56 : INFO : log : Successfully Instantiated Preprocessing Class Object
06-28-2022 21:04:56 : INFO : log : Successfully Instantiated Preprocessing Class Object
06-28-2022 21:04:56 : INFO : log : Successfully Instantiated Preprocessing Class Object
06-28-2022 21:04:56 : INFO : log : Successfully Instantiated Preprocessing Class Object
06-28-2022 21:07:17 : INFO : log : Plotting a histogram
06-28-2022 21:07:17 : INFO : log : Plotting a histogram
06-28-2022 21:07:17 : INFO : log : Plotting a histogram
06-28-2022 21:07:17 : INFO : log : Plotting a histogram
06-28-2022 21:58:16 : INFO : log : Plotting a heatmap for the dataset: 
06-28-2022 21:58:16 : INFO : log : Plotting a heatmap for the dataset: 
06-28-2022 21:58:16 : INFO : log : Plotting a heatmap for the dataset: 
06-28-2022 21:58:16 : INFO : log : Plotting a heatmap for the dataset: 
